\BOOKMARK [0][-]{chapter.1}{\376\377\000I\000n\000t\000e\000r\000a\000z\000i\000o\000n\000e\000\040\000R\000a\000d\000i\000a\000z\000i\000o\000n\000e\000\040\000M\000a\000t\000e\000r\000i\000a}{}% 1
\BOOKMARK [1][-]{section.1.1}{\376\377\000I\000n\000t\000e\000r\000a\000z\000i\000o\000n\000e\000\040\000d\000i\000\040\000p\000a\000r\000t\000i\000c\000e\000l\000l\000e\000\040\000c\000a\000r\000i\000c\000h\000e}{chapter.1}% 2
\BOOKMARK [2][-]{subsection.1.1.1}{\376\377\000P\000a\000r\000t\000i\000c\000e\000l\000l\000e\000\040\000m\000a\000s\000s\000i\000v\000e}{section.1.1}% 3
\BOOKMARK [2][-]{subsection.1.1.2}{\376\377\000P\000a\000r\000t\000i\000c\000e\000l\000l\000e\000\040\000p\000o\000c\000o\000\040\000m\000a\000s\000s\000i\000v\000e\000\040\000\050\000e\000+\000\040\000;\000\040\000e\000-\000\051}{section.1.1}% 4
\BOOKMARK [2][-]{subsection.1.1.3}{\376\377\000F\000l\000u\000t\000t\000u\000a\000z\000i\000o\000n\000i\000\040\000s\000t\000a\000t\000i\000s\000t\000i\000c\000h\000e}{section.1.1}% 5
\BOOKMARK [2][-]{subsection.1.1.4}{\376\377\000M\000u\000l\000t\000i\000p\000l\000o\000\040\000S\000c\000a\000t\000t\000e\000r\000i\000n\000g}{section.1.1}% 6
\BOOKMARK [2][-]{subsection.1.1.5}{\376\377\000R\000a\000d\000i\000a\000z\000i\000o\000n\000e\000\040\000C\000h\000e\000r\000e\000n\000k\000o\000v}{section.1.1}% 7
\BOOKMARK [2][-]{subsection.1.1.6}{\376\377\000M\000i\000s\000t\000u\000r\000e}{section.1.1}% 8
\BOOKMARK [1][-]{section.1.2}{\376\377\000I\000n\000t\000e\000r\000a\000z\000i\000o\000n\000e\000\040\000d\000i\000\040\000f\000o\000t\000o\000n\000i}{chapter.1}% 9
\BOOKMARK [2][-]{subsection.1.2.1}{\376\377\000E\000f\000f\000e\000t\000t\000o\000\040\000f\000o\000t\000o\000e\000l\000e\000t\000t\000r\000i\000c\000o}{section.1.2}% 10
\BOOKMARK [2][-]{subsection.1.2.2}{\376\377\000E\000f\000f\000e\000t\000t\000o\000\040\000C\000o\000m\000p\000t\000o\000n}{section.1.2}% 11
\BOOKMARK [2][-]{subsection.1.2.3}{\376\377\000P\000r\000o\000d\000u\000z\000i\000o\000n\000e\000\040\000d\000i\000\040\000c\000o\000p\000p\000i\000e}{section.1.2}% 12
\BOOKMARK [1][-]{section.1.3}{\376\377\000I\000n\000t\000e\000r\000a\000z\000i\000o\000n\000i\000\040\000A\000d\000r\000o\000n\000i\000c\000h\000e}{chapter.1}% 13
\BOOKMARK [1][-]{section.1.4}{\376\377\000I\000n\000t\000e\000r\000a\000z\000i\000o\000n\000e\000\040\000d\000i\000\040\000n\000e\000u\000t\000r\000i\000n\000i}{chapter.1}% 14
\BOOKMARK [0][-]{chapter.2}{\376\377\000F\000o\000r\000m\000a\000z\000i\000o\000n\000e\000\040\000d\000e\000l\000\040\000s\000e\000g\000n\000a\000l\000e}{}% 15
\BOOKMARK [1][-]{section.2.1}{\376\377\000E\000q\000u\000a\000z\000i\000o\000n\000e\000\040\000d\000e\000l\000\040\000t\000r\000a\000s\000p\000o\000r\000t\000o}{chapter.2}% 16
\BOOKMARK [2][-]{subsection.2.1.1}{\376\377\000V\000e\000l\000o\000c\000i\000t\000\340\000\040\000d\000i\000\040\000D\000r\000i\000f\000t}{section.2.1}% 17
\BOOKMARK [2][-]{subsection.2.1.2}{\376\377\000D\000i\000f\000f\000u\000s\000i\000o\000n\000e}{section.2.1}% 18
\BOOKMARK [1][-]{section.2.2}{\376\377\000M\000o\000t\000o\000\040\000d\000e\000l\000l\000e\000\040\000c\000a\000r\000i\000c\000h\000e\000\040\000n\000e\000i\000\040\000g\000a\000s}{chapter.2}% 19
\BOOKMARK [1][-]{section.2.3}{\376\377\000M\000o\000t\000o\000\040\000d\000e\000l\000l\000e\000\040\000c\000a\000r\000i\000c\000h\000e\000\040\000n\000e\000i\000\040\000s\000e\000m\000i\000c\000o\000n\000d\000u\000t\000t\000o\000r\000i}{chapter.2}% 20
\BOOKMARK [1][-]{section.2.4}{\376\377\000F\000o\000r\000m\000a\000z\000i\000o\000n\000e\000\040\000d\000e\000l\000\040\000s\000e\000g\000n\000a\000l\000e\000\040\000\050\000S\000c\000h\000o\000k\000l\000e\000y\000-\000R\000a\000m\000o\000\051}{chapter.2}% 21
\BOOKMARK [2][-]{subsection.2.4.1}{\376\377\000W\000i\000g\000h\000t\000i\000n\000g\000\040\000f\000i\000e\000l\000d}{section.2.4}% 22
\BOOKMARK [2][-]{subsection.2.4.2}{\376\377\000T\000e\000o\000r\000e\000m\000a\000\040\000d\000i\000\040\000S\000h\000o\000c\000k\000l\000e\000y\000-\000R\000a\000m\000o}{section.2.4}% 23
\BOOKMARK [2][-]{subsection.2.4.3}{\376\377\000E\000s\000e\000m\000p\000i}{section.2.4}% 24
\BOOKMARK [3][-]{section*.60}{\376\377\000\040\000C\000a\000m\000e\000r\000e\000\040\000a\000\040\000i\000o\000n\000i\000z\000z\000a\000z\000i\000o\000n\000e}{subsection.2.4.3}% 25
\BOOKMARK [3][-]{section*.65}{\376\377\000\040\000C\000o\000n\000t\000a\000t\000o\000r\000i\000\040\000p\000r\000o\000p\000o\000r\000z\000i\000o\000n\000a\000l\000i}{subsection.2.4.3}% 26
\BOOKMARK [3][-]{section*.68}{\376\377\000\040\000D\000e\000t\000e\000c\000t\000o\000r\000\040\000a\000\040\000s\000e\000m\000i\000c\000o\000n\000d\000u\000t\000t\000o\000r\000e}{subsection.2.4.3}% 27
\BOOKMARK [1][-]{section.2.5}{\376\377\000R\000u\000m\000o\000r\000e}{chapter.2}% 28
\BOOKMARK [2][-]{subsection.2.5.1}{\376\377\000S\000o\000r\000g\000e\000n\000t\000i\000\040\000d\000i\000\040\000r\000u\000m\000o\000r\000e}{section.2.5}% 29
\BOOKMARK [0][-]{chapter.3}{\376\377\000P\000a\000r\000t\000i\000c\000l\000e\000\040\000I\000d\000e\000n\000t\000i\000f\000i\000c\000a\000t\000i\000o\000n}{}% 30
\BOOKMARK [1][-]{section.3.1}{\376\377\000R\000a\000d\000i\000a\000z\000i\000o\000n\000e\000\040\000C\000h\000e\000r\000e\000n\000k\000o\000v}{chapter.3}% 31
\BOOKMARK [2][-]{subsection.3.1.1}{\376\377\000C\000h\000e\000r\000e\000n\000k\000o\000v\000\040\000T\000h\000r\000e\000s\000h\000o\000l\000d}{section.3.1}% 32
\BOOKMARK [2][-]{subsection.3.1.2}{\376\377\000S\000p\000e\000t\000t\000r\000o\000\040\000d\000i\000\040\000e\000m\000i\000s\000s\000i\000o\000n\000e}{section.3.1}% 33
\BOOKMARK [3][-]{section*.81}{\376\377\000\040\000S\000p\000e\000t\000t\000r\000o\000\040\000d\000e\000i\000\040\000s\000i\000n\000g\000o\000l\000i\000\040\000f\000o\000t\000o\000n\000i}{subsection.3.1.2}% 34
\BOOKMARK [3][-]{section*.84}{\376\377\000\040\000P\000h\000o\000t\000o\000n\000\040\000Y\000i\000e\000l\000d}{subsection.3.1.2}% 35
\BOOKMARK [2][-]{subsection.3.1.3}{\376\377\000T\000i\000p\000i\000\040\000d\000i\000\040\000d\000e\000t\000e\000c\000t\000o\000r\000\040\000C\000h\000e\000r\000e\000n\000k\000o\000v}{section.3.1}% 36
\BOOKMARK [3][-]{section*.86}{\376\377\000\040\000T\000h\000r\000e\000s\000h\000o\000l\000d}{subsection.3.1.3}% 37
\BOOKMARK [3][-]{section*.90}{\376\377\000\040\000R\000I\000C\000H\000\040\000\050\000R\000i\000n\000g\000\040\000I\000m\000a\000g\000i\000n\000g\000\040\000C\000h\000e\000r\000e\000n\000k\000o\000v\000\040\000D\000e\000t\000e\000c\000t\000o\000r\000\051}{subsection.3.1.3}% 38
\BOOKMARK [0][-]{appendix.A}{\376\377\000I\000n\000f\000o\000\040\000u\000t\000i\000l\000i}{}% 39
