INFO 2/14/2022, 3:24:15 PM  launch with argv [/usr/share/typora/Typora]
INFO 2/14/2022, 3:24:15 PM  start LM in devVersion=false
INFO 2/14/2022, 3:24:15 PM  [Raven] instanceKey = 557e004e-700b-4824-8409-369f64736057
INFO 2/14/2022, 3:24:15 PM  [watchLicense]
INFO 2/14/2022, 3:24:15 PM  [License] firstValidateLicense
INFO 2/14/2022, 3:24:15 PM  ls put SLicense
INFO 2/14/2022, 3:24:15 PM  [validateTrail] installDate is 11/19/2021, trail remains: 0 days
INFO 2/14/2022, 3:24:15 PM  [watchLicense] hasLicense: false
INFO 2/14/2022, 3:24:15 PM  ------------------start------------------
INFO 2/14/2022, 3:24:15 PM  typora version: 1.0.4
INFO 2/14/2022, 3:24:16 PM  [Raven] userId = 18edb11d-8641-4d41-8b64-05e7b243dacf
INFO 2/14/2022, 3:24:16 PM  [focus] 1
INFO 2/14/2022, 3:24:16 PM  synced recovery
INFO 2/14/2022, 3:24:17 PM  handle document.loadInitData
INFO 2/14/2022, 3:24:17 PM  [RenderProcess 1][Log] getContent
INFO 2/14/2022, 3:24:17 PM  synced recovery
INFO 2/14/2022, 3:24:17 PM  [RenderProcess 1][Log] onBecomeActive
INFO 2/14/2022, 3:24:17 PM  [RenderProcess 1][Log] File.activeWindow = true
INFO 2/14/2022, 3:24:45 PM  File.option.prettyIndent = true;
INFO 2/14/2022, 3:24:54 PM  window.File && (function(){File.isFocusMode = false; File.isTypeWriterMode = false; File.editor.updateFocusMode(false); File.editor.setTypeWriterMode(false, true);document.body.classList.remove("ty-show-notification");})();
INFO 2/14/2022, 3:24:54 PM  [blur] 1
INFO 2/14/2022, 3:24:54 PM  [win] blur
INFO 2/14/2022, 3:24:56 PM  [focus] 1
INFO 2/14/2022, 3:24:58 PM  synced recovery
INFO 2/14/2022, 3:24:58 PM  synced recovery
INFO 2/14/2022, 3:24:58 PM  synced recovery
INFO 2/14/2022, 3:24:59 PM  synced recovery
INFO 2/14/2022, 3:24:59 PM  synced recovery
INFO 2/14/2022, 3:24:59 PM  synced recovery
INFO 2/14/2022, 3:24:59 PM  synced recovery
INFO 2/14/2022, 3:24:59 PM  synced recovery
INFO 2/14/2022, 3:25:00 PM  synced recovery
INFO 2/14/2022, 3:25:00 PM  synced recovery
INFO 2/14/2022, 3:25:00 PM  synced recovery
INFO 2/14/2022, 3:25:00 PM  synced recovery
INFO 2/14/2022, 3:25:00 PM  synced recovery
INFO 2/14/2022, 3:25:01 PM  synced recovery
INFO 2/14/2022, 3:25:02 PM  synced recovery
INFO 2/14/2022, 3:25:03 PM  synced recovery
INFO 2/14/2022, 3:25:03 PM  synced recovery
INFO 2/14/2022, 3:25:03 PM  synced recovery
INFO 2/14/2022, 3:25:04 PM  synced recovery
INFO 2/14/2022, 3:25:04 PM  synced recovery
INFO 2/14/2022, 3:25:04 PM  synced recovery
INFO 2/14/2022, 3:25:04 PM  synced recovery
INFO 2/14/2022, 3:25:04 PM  synced recovery
INFO 2/14/2022, 3:25:05 PM  synced recovery
INFO 2/14/2022, 3:25:05 PM  synced recovery
INFO 2/14/2022, 3:25:05 PM  synced recovery
INFO 2/14/2022, 3:25:05 PM  synced recovery
INFO 2/14/2022, 3:25:06 PM  synced recovery
INFO 2/14/2022, 3:25:06 PM  synced recovery
INFO 2/14/2022, 3:25:10 PM  window.File && (function(){File.isFocusMode = false; File.isTypeWriterMode = false; File.editor.updateFocusMode(false); File.editor.setTypeWriterMode(false, true);document.body.classList.remove("ty-show-notification");})();
INFO 2/14/2022, 3:25:10 PM  [blur] 1
INFO 2/14/2022, 3:25:10 PM  [win] blur
INFO 2/14/2022, 3:25:12 PM  [focus] 1
INFO 2/14/2022, 3:25:13 PM  window.File && (function(){File.isFocusMode = false; File.isTypeWriterMode = false; File.editor.updateFocusMode(false); File.editor.setTypeWriterMode(false, true);document.body.classList.remove("ty-show-notification");})();
INFO 2/14/2022, 3:25:13 PM  [blur] 1
INFO 2/14/2022, 3:25:13 PM  [win] blur
INFO 2/14/2022, 3:25:15 PM  [focus] 1
INFO 2/14/2022, 3:25:16 PM  File.option.scrollWithCursor = false;
INFO 2/14/2022, 3:25:17 PM  File.option.scrollWithCursor = true;
INFO 2/14/2022, 3:25:32 PM  window.File && (function(){File.setDefaultImageStorage("per-file-assert");})();
INFO 2/14/2022, 3:25:36 PM  window.File && (function(){File.setDefaultImageStorage("folder");})();
INFO 2/14/2022, 3:25:40 PM  File.option.useRelativePathForImg = true
INFO 2/14/2022, 3:25:43 PM  window.File && (function(){File.setDefaultImageStorage("per-file-assert");})();
INFO 2/14/2022, 3:26:28 PM  [blur] 1
INFO 2/14/2022, 3:26:28 PM  [win] blur
INFO 2/14/2022, 3:26:42 PM  [focus] 1
INFO 2/14/2022, 3:26:47 PM  synced recovery
INFO 2/14/2022, 3:26:48 PM  synced recovery
INFO 2/14/2022, 3:26:48 PM  synced recovery
INFO 2/14/2022, 3:26:48 PM  synced recovery
INFO 2/14/2022, 3:26:48 PM  synced recovery
INFO 2/14/2022, 3:26:48 PM  synced recovery
INFO 2/14/2022, 3:26:49 PM  synced recovery
INFO 2/14/2022, 3:26:49 PM  synced recovery
INFO 2/14/2022, 3:26:50 PM  synced recovery
INFO 2/14/2022, 3:26:50 PM  synced recovery
INFO 2/14/2022, 3:26:50 PM  synced recovery
INFO 2/14/2022, 3:26:50 PM  synced recovery
INFO 2/14/2022, 3:26:51 PM  synced recovery
INFO 2/14/2022, 3:26:51 PM  synced recovery
INFO 2/14/2022, 3:26:52 PM  synced recovery
INFO 2/14/2022, 3:26:52 PM  synced recovery
INFO 2/14/2022, 3:26:52 PM  synced recovery
INFO 2/14/2022, 3:26:52 PM  synced recovery
INFO 2/14/2022, 3:26:53 PM  synced recovery
INFO 2/14/2022, 3:26:54 PM  synced recovery
INFO 2/14/2022, 3:26:54 PM  synced recovery
INFO 2/14/2022, 3:26:54 PM  synced recovery
INFO 2/14/2022, 3:26:54 PM  synced recovery
INFO 2/14/2022, 3:26:54 PM  synced recovery
INFO 2/14/2022, 3:26:54 PM  synced recovery
INFO 2/14/2022, 3:26:55 PM  synced recovery
INFO 2/14/2022, 3:26:57 PM  synced recovery
INFO 2/14/2022, 3:26:57 PM  synced recovery
INFO 2/14/2022, 3:26:58 PM  synced recovery
INFO 2/14/2022, 3:26:59 PM  synced recovery
INFO 2/14/2022, 3:26:59 PM  synced recovery
INFO 2/14/2022, 3:26:59 PM  synced recovery
INFO 2/14/2022, 3:27:00 PM  synced recovery
INFO 2/14/2022, 3:27:00 PM  synced recovery
INFO 2/14/2022, 3:27:01 PM  synced recovery
INFO 2/14/2022, 3:27:02 PM  synced recovery
INFO 2/14/2022, 3:27:02 PM  synced recovery
INFO 2/14/2022, 3:27:02 PM  synced recovery
INFO 2/14/2022, 3:27:02 PM  synced recovery
INFO 2/14/2022, 3:27:02 PM  synced recovery
INFO 2/14/2022, 3:27:02 PM  synced recovery
INFO 2/14/2022, 3:27:03 PM  synced recovery
INFO 2/14/2022, 3:30:09 PM  [blur] 1
INFO 2/14/2022, 3:30:09 PM  [win] blur
INFO 2/14/2022, 3:32:48 PM  [focus] 1
INFO 2/14/2022, 3:32:59 PM  updateTheme
INFO 2/14/2022, 3:33:00 PM  updateTheme
INFO 2/14/2022, 3:33:03 PM  updateTheme
INFO 2/14/2022, 3:33:04 PM  updateTheme
INFO 2/14/2022, 3:33:06 PM  updateTheme
INFO 2/14/2022, 3:33:19 PM  File.setIndentSize(0);
INFO 2/14/2022, 3:33:21 PM  File.setIndentSize(2);
INFO 2/14/2022, 3:33:29 PM  File.option.autoPairExtendSymbol = true;
INFO 2/14/2022, 3:34:03 PM  synced recovery
INFO 2/14/2022, 3:34:08 PM  [blur] 1
INFO 2/14/2022, 3:34:08 PM  [win] blur
INFO 2/14/2022, 3:34:57 PM  [focus] 1
INFO 2/14/2022, 3:34:59 PM  [blur] 1
INFO 2/14/2022, 3:34:59 PM  [win] blur
INFO 2/14/2022, 3:36:27 PM  [focus] 1
INFO 2/14/2022, 3:36:29 PM  synced recovery
INFO 2/14/2022, 3:36:29 PM  ----------------before-quit-----------------
INFO 2/14/2022, 3:36:29 PM  ------------------will-quit------------------
INFO 2/14/2022, 3:36:29 PM  -----------------quit------------------
INFO 2/14/2022, 3:36:29 PM  closeLogging
INFO 2/14/2022, 3:36:33 PM  launch with argv [/usr/share/typora/Typora]
INFO 2/14/2022, 3:36:33 PM  start LM in devVersion=false
INFO 2/14/2022, 3:36:33 PM  [Raven] instanceKey = 436e5be0-cd9d-4fb5-9d15-0d03be3d1065
INFO 2/14/2022, 3:36:33 PM  [watchLicense]
INFO 2/14/2022, 3:36:33 PM  [License] firstValidateLicense
INFO 2/14/2022, 3:36:33 PM  ls put SLicense
INFO 2/14/2022, 3:36:33 PM  [validateTrail] installDate is 11/19/2021, trail remains: 0 days
INFO 2/14/2022, 3:36:33 PM  [watchLicense] hasLicense: false
INFO 2/14/2022, 3:36:33 PM  ------------------start------------------
INFO 2/14/2022, 3:36:33 PM  typora version: 1.0.4
INFO 2/14/2022, 3:36:34 PM  [Raven] userId = 18edb11d-8641-4d41-8b64-05e7b243dacf
INFO 2/14/2022, 3:36:34 PM  [focus] 1
INFO 2/14/2022, 3:36:34 PM  synced recovery
INFO 2/14/2022, 3:36:34 PM  handle document.loadInitData
INFO 2/14/2022, 3:36:34 PM  [RenderProcess 1][Log] getContent
INFO 2/14/2022, 3:36:35 PM  synced recovery
INFO 2/14/2022, 3:36:35 PM  [RenderProcess 1][Log] onBecomeActive
INFO 2/14/2022, 3:36:35 PM  [RenderProcess 1][Log] File.activeWindow = true
INFO 2/14/2022, 3:36:36 PM  synced recovery
INFO 2/14/2022, 3:36:36 PM  synced recovery
INFO 2/14/2022, 3:36:37 PM  synced recovery
INFO 2/14/2022, 3:36:37 PM  synced recovery
INFO 2/14/2022, 3:36:37 PM  synced recovery
INFO 2/14/2022, 3:36:37 PM  synced recovery
INFO 2/14/2022, 3:36:38 PM  synced recovery
INFO 2/14/2022, 3:36:38 PM  synced recovery
INFO 2/14/2022, 3:36:39 PM  synced recovery
INFO 2/14/2022, 3:36:39 PM  synced recovery
INFO 2/14/2022, 3:36:39 PM  synced recovery
INFO 2/14/2022, 3:36:40 PM  synced recovery
INFO 2/14/2022, 3:36:40 PM  synced recovery
INFO 2/14/2022, 3:36:40 PM  synced recovery
INFO 2/14/2022, 3:36:41 PM  synced recovery
INFO 2/14/2022, 3:36:41 PM  synced recovery
INFO 2/14/2022, 3:36:41 PM  synced recovery
INFO 2/14/2022, 3:37:00 PM  [blur] 1
INFO 2/14/2022, 3:37:00 PM  [win] blur
INFO 2/14/2022, 3:40:14 PM  [focus] 1
INFO 2/14/2022, 3:40:15 PM  synced recovery
INFO 2/14/2022, 3:40:21 PM  launch with argv [/usr/share/typora/Typora]
INFO 2/14/2022, 3:40:21 PM  start LM in devVersion=false
INFO 2/14/2022, 3:40:21 PM  [Raven] instanceKey = 50388b7f-72a8-4125-a5c5-25ef2eee8688
INFO 2/14/2022, 3:40:21 PM  [watchLicense]
INFO 2/14/2022, 3:40:21 PM  [License] firstValidateLicense
INFO 2/14/2022, 3:40:21 PM  ls put SLicense
INFO 2/14/2022, 3:40:21 PM  [validateTrail] installDate is 11/19/2021, trail remains: 0 days
INFO 2/14/2022, 3:40:21 PM  [watchLicense] hasLicense: false
INFO 2/14/2022, 3:40:21 PM  ------------------start------------------
INFO 2/14/2022, 3:40:21 PM  typora version: 1.0.4
INFO 2/14/2022, 3:40:22 PM  [Raven] userId = 18edb11d-8641-4d41-8b64-05e7b243dacf
INFO 2/14/2022, 3:40:22 PM  [focus] 1
INFO 2/14/2022, 3:40:22 PM  synced recovery
INFO 2/14/2022, 3:40:22 PM  handle document.loadInitData
INFO 2/14/2022, 3:40:22 PM  [RenderProcess 1][Log] getContent
INFO 2/14/2022, 3:40:22 PM  synced recovery
INFO 2/14/2022, 3:40:23 PM  [RenderProcess 1][Log] onBecomeActive
INFO 2/14/2022, 3:40:23 PM  [RenderProcess 1][Log] File.activeWindow = true
INFO 2/14/2022, 3:40:24 PM  synced recovery
INFO 2/14/2022, 3:40:24 PM  synced recovery
INFO 2/14/2022, 3:40:25 PM  synced recovery
INFO 2/14/2022, 3:40:25 PM  synced recovery
INFO 2/14/2022, 3:40:25 PM  synced recovery
INFO 2/14/2022, 3:40:26 PM  synced recovery
INFO 2/14/2022, 3:40:26 PM  synced recovery
INFO 2/14/2022, 3:40:26 PM  synced recovery
INFO 2/14/2022, 3:40:26 PM  synced recovery
INFO 2/14/2022, 3:40:26 PM  synced recovery
INFO 2/14/2022, 3:40:27 PM  synced recovery
INFO 2/14/2022, 3:40:28 PM  synced recovery
INFO 2/14/2022, 3:40:28 PM  synced recovery
INFO 2/14/2022, 3:40:29 PM  synced recovery
INFO 2/14/2022, 3:40:29 PM  synced recovery
INFO 2/14/2022, 3:40:29 PM  synced recovery
INFO 2/14/2022, 3:40:29 PM  synced recovery
INFO 2/14/2022, 3:40:29 PM  synced recovery
INFO 2/14/2022, 3:40:30 PM  synced recovery
INFO 2/14/2022, 3:40:31 PM  synced recovery
INFO 2/14/2022, 3:40:32 PM  synced recovery
INFO 2/14/2022, 3:40:32 PM  synced recovery
INFO 2/14/2022, 3:40:33 PM  synced recovery
INFO 2/14/2022, 3:40:33 PM  synced recovery
INFO 2/14/2022, 3:40:33 PM  synced recovery
INFO 2/14/2022, 3:40:33 PM  synced recovery
INFO 2/14/2022, 3:40:34 PM  synced recovery
INFO 2/14/2022, 3:40:34 PM  synced recovery
INFO 2/14/2022, 3:40:34 PM  synced recovery
INFO 2/14/2022, 3:40:34 PM  synced recovery
INFO 2/14/2022, 3:40:44 PM  synced recovery
INFO 2/14/2022, 3:40:45 PM  synced recovery
INFO 2/14/2022, 3:40:46 PM  [blur] 1
INFO 2/14/2022, 3:40:46 PM  [win] blur
INFO 2/14/2022, 3:40:48 PM  [focus] 1
INFO 2/14/2022, 3:40:50 PM  [blur] 1
INFO 2/14/2022, 3:40:50 PM  [win] blur
INFO 2/14/2022, 3:40:51 PM  [focus] 1
INFO 2/14/2022, 3:40:54 PM  [blur] 1
INFO 2/14/2022, 3:40:54 PM  [win] blur
INFO 2/14/2022, 3:41:47 PM  [focus] 1
INFO 2/14/2022, 3:41:49 PM  synced recovery
INFO 2/14/2022, 3:42:02 PM  window.File && (function(){File.setDefaultImageStorage("folder");})();
INFO 2/14/2022, 3:42:04 PM  synced recovery
INFO 2/14/2022, 3:42:05 PM  synced recovery
INFO 2/14/2022, 3:42:12 PM  synced recovery
INFO 2/14/2022, 3:42:12 PM  synced recovery
INFO 2/14/2022, 3:42:13 PM  synced recovery
INFO 2/14/2022, 3:42:13 PM  synced recovery
INFO 2/14/2022, 3:42:13 PM  synced recovery
INFO 2/14/2022, 3:42:14 PM  synced recovery
INFO 2/14/2022, 3:42:14 PM  synced recovery
INFO 2/14/2022, 3:42:14 PM  synced recovery
INFO 2/14/2022, 3:42:14 PM  synced recovery
INFO 2/14/2022, 3:42:14 PM  synced recovery
INFO 2/14/2022, 3:42:14 PM  synced recovery
INFO 2/14/2022, 3:42:14 PM  synced recovery
INFO 2/14/2022, 3:42:14 PM  synced recovery
INFO 2/14/2022, 3:42:14 PM  synced recovery
INFO 2/14/2022, 3:42:14 PM  synced recovery
INFO 2/14/2022, 3:42:14 PM  synced recovery
INFO 2/14/2022, 3:42:14 PM  synced recovery
INFO 2/14/2022, 3:42:14 PM  synced recovery
INFO 2/14/2022, 3:42:14 PM  synced recovery
INFO 2/14/2022, 3:42:14 PM  synced recovery
INFO 2/14/2022, 3:42:14 PM  synced recovery
INFO 2/14/2022, 3:42:15 PM  synced recovery
INFO 2/14/2022, 3:42:15 PM  synced recovery
INFO 2/14/2022, 3:42:15 PM  synced recovery
INFO 2/14/2022, 3:42:15 PM  synced recovery
INFO 2/14/2022, 3:42:15 PM  synced recovery
INFO 2/14/2022, 3:42:15 PM  synced recovery
INFO 2/14/2022, 3:42:15 PM  synced recovery
INFO 2/14/2022, 3:42:15 PM  synced recovery
INFO 2/14/2022, 3:42:15 PM  synced recovery
INFO 2/14/2022, 3:42:15 PM  synced recovery
INFO 2/14/2022, 3:42:15 PM  synced recovery
INFO 2/14/2022, 3:42:15 PM  synced recovery
INFO 2/14/2022, 3:42:19 PM  [blur] 1
INFO 2/14/2022, 3:42:19 PM  [win] blur
INFO 2/14/2022, 3:42:22 PM  [focus] 1
INFO 2/14/2022, 3:42:23 PM  [blur] 1
INFO 2/14/2022, 3:42:23 PM  [win] blur
INFO 2/14/2022, 3:42:27 PM  [focus] 1
INFO 2/14/2022, 3:42:27 PM  [blur] 1
INFO 2/14/2022, 3:42:27 PM  [win] blur
INFO 2/14/2022, 3:42:27 PM  [focus] 1
INFO 2/14/2022, 3:42:27 PM  addRecentDocument
INFO 2/14/2022, 3:42:27 PM  synced recovery
INFO 2/14/2022, 3:42:28 PM  synced recovery
INFO 2/14/2022, 3:42:30 PM  synced recovery
INFO 2/14/2022, 3:42:35 PM  window.File && (function(){File.setDefaultImageStorage("per-file-assert");})();
INFO 2/14/2022, 3:42:40 PM  synced recovery
INFO 2/14/2022, 3:42:47 PM  synced recovery
INFO 2/14/2022, 3:42:48 PM  synced recovery
INFO 2/14/2022, 3:42:48 PM  synced recovery
INFO 2/14/2022, 3:42:48 PM  synced recovery
INFO 2/14/2022, 3:42:49 PM  synced recovery
INFO 2/14/2022, 3:42:49 PM  synced recovery
INFO 2/14/2022, 3:42:49 PM  synced recovery
INFO 2/14/2022, 3:42:50 PM  synced recovery
INFO 2/14/2022, 3:42:50 PM  synced recovery
INFO 2/14/2022, 3:42:50 PM  synced recovery
INFO 2/14/2022, 3:42:50 PM  synced recovery
INFO 2/14/2022, 3:42:50 PM  synced recovery
INFO 2/14/2022, 3:42:50 PM  synced recovery
INFO 2/14/2022, 3:42:50 PM  synced recovery
INFO 2/14/2022, 3:42:50 PM  synced recovery
INFO 2/14/2022, 3:42:51 PM  synced recovery
INFO 2/14/2022, 3:42:51 PM  synced recovery
INFO 2/14/2022, 3:42:51 PM  synced recovery
INFO 2/14/2022, 3:42:51 PM  synced recovery
INFO 2/14/2022, 3:42:51 PM  synced recovery
INFO 2/14/2022, 3:42:51 PM  synced recovery
INFO 2/14/2022, 3:42:51 PM  synced recovery
INFO 2/14/2022, 3:42:51 PM  synced recovery
INFO 2/14/2022, 3:42:51 PM  synced recovery
INFO 2/14/2022, 3:42:51 PM  synced recovery
INFO 2/14/2022, 3:42:51 PM  synced recovery
INFO 2/14/2022, 3:42:51 PM  synced recovery
INFO 2/14/2022, 3:42:51 PM  synced recovery
INFO 2/14/2022, 3:42:51 PM  synced recovery
INFO 2/14/2022, 3:42:51 PM  synced recovery
INFO 2/14/2022, 3:42:51 PM  synced recovery
INFO 2/14/2022, 3:42:51 PM  synced recovery
INFO 2/14/2022, 3:42:51 PM  synced recovery
INFO 2/14/2022, 3:42:51 PM  synced recovery
INFO 2/14/2022, 3:42:51 PM  synced recovery
INFO 2/14/2022, 3:42:51 PM  synced recovery
INFO 2/14/2022, 3:42:51 PM  synced recovery
INFO 2/14/2022, 3:42:51 PM  synced recovery
INFO 2/14/2022, 3:42:51 PM  synced recovery
INFO 2/14/2022, 3:42:51 PM  synced recovery
INFO 2/14/2022, 3:42:51 PM  synced recovery
INFO 2/14/2022, 3:42:51 PM  synced recovery
INFO 2/14/2022, 3:42:51 PM  synced recovery
INFO 2/14/2022, 3:42:51 PM  synced recovery
INFO 2/14/2022, 3:42:51 PM  synced recovery
INFO 2/14/2022, 3:42:54 PM  [blur] 1
INFO 2/14/2022, 3:42:54 PM  [win] blur
INFO 2/14/2022, 3:43:00 PM  [focus] 1
INFO 2/14/2022, 3:43:01 PM  synced recovery
INFO 2/14/2022, 3:43:02 PM  synced recovery
INFO 2/14/2022, 3:43:02 PM  synced recovery
INFO 2/14/2022, 3:43:04 PM  synced recovery
INFO 2/14/2022, 3:43:04 PM  synced recovery
INFO 2/14/2022, 3:43:05 PM  synced recovery
INFO 2/14/2022, 3:43:05 PM  synced recovery
INFO 2/14/2022, 3:43:05 PM  synced recovery
INFO 2/14/2022, 3:43:05 PM  synced recovery
INFO 2/14/2022, 3:43:06 PM  synced recovery
INFO 2/14/2022, 3:43:06 PM  synced recovery
INFO 2/14/2022, 3:43:06 PM  synced recovery
INFO 2/14/2022, 3:43:06 PM  synced recovery
INFO 2/14/2022, 3:43:07 PM  synced recovery
INFO 2/14/2022, 3:43:07 PM  synced recovery
INFO 2/14/2022, 3:43:07 PM  synced recovery
INFO 2/14/2022, 3:43:07 PM  synced recovery
INFO 2/14/2022, 3:43:08 PM  synced recovery
INFO 2/14/2022, 3:43:08 PM  synced recovery
INFO 2/14/2022, 3:43:08 PM  synced recovery
INFO 2/14/2022, 3:43:09 PM  synced recovery
INFO 2/14/2022, 3:43:09 PM  synced recovery
INFO 2/14/2022, 3:43:09 PM  synced recovery
INFO 2/14/2022, 3:43:09 PM  synced recovery
INFO 2/14/2022, 3:43:09 PM  synced recovery
INFO 2/14/2022, 3:43:10 PM  synced recovery
INFO 2/14/2022, 3:43:10 PM  synced recovery
INFO 2/14/2022, 3:43:10 PM  synced recovery
INFO 2/14/2022, 3:43:10 PM  synced recovery
INFO 2/14/2022, 3:43:10 PM  synced recovery
INFO 2/14/2022, 3:43:10 PM  synced recovery
INFO 2/14/2022, 3:43:11 PM  synced recovery
INFO 2/14/2022, 3:43:11 PM  synced recovery
INFO 2/14/2022, 3:43:12 PM  synced recovery
INFO 2/14/2022, 3:43:12 PM  synced recovery
INFO 2/14/2022, 3:43:12 PM  synced recovery
INFO 2/14/2022, 3:43:14 PM  synced recovery
INFO 2/14/2022, 3:43:14 PM  synced recovery
INFO 2/14/2022, 3:43:14 PM  synced recovery
INFO 2/14/2022, 3:43:15 PM  synced recovery
INFO 2/14/2022, 3:43:15 PM  synced recovery
INFO 2/14/2022, 3:43:15 PM  synced recovery
INFO 2/14/2022, 3:43:15 PM  synced recovery
INFO 2/14/2022, 3:43:15 PM  synced recovery
INFO 2/14/2022, 3:43:16 PM  synced recovery
INFO 2/14/2022, 3:43:16 PM  synced recovery
INFO 2/14/2022, 3:43:16 PM  synced recovery
INFO 2/14/2022, 3:43:16 PM  synced recovery
INFO 2/14/2022, 3:43:16 PM  synced recovery
INFO 2/14/2022, 3:43:16 PM  synced recovery
INFO 2/14/2022, 3:43:17 PM  synced recovery
INFO 2/14/2022, 3:43:17 PM  synced recovery
INFO 2/14/2022, 3:43:17 PM  synced recovery
INFO 2/14/2022, 3:43:17 PM  synced recovery
INFO 2/14/2022, 3:43:17 PM  synced recovery
INFO 2/14/2022, 3:43:17 PM  synced recovery
INFO 2/14/2022, 3:43:18 PM  synced recovery
INFO 2/14/2022, 3:43:18 PM  synced recovery
INFO 2/14/2022, 3:43:18 PM  synced recovery
INFO 2/14/2022, 3:43:19 PM  synced recovery
INFO 2/14/2022, 3:43:19 PM  synced recovery
INFO 2/14/2022, 3:43:19 PM  synced recovery
INFO 2/14/2022, 3:43:20 PM  synced recovery
INFO 2/14/2022, 3:43:20 PM  synced recovery
INFO 2/14/2022, 3:43:20 PM  synced recovery
INFO 2/14/2022, 3:43:20 PM  synced recovery
INFO 2/14/2022, 3:43:20 PM  synced recovery
INFO 2/14/2022, 3:43:20 PM  synced recovery
INFO 2/14/2022, 3:43:20 PM  synced recovery
INFO 2/14/2022, 3:43:20 PM  synced recovery
INFO 2/14/2022, 3:43:20 PM  synced recovery
INFO 2/14/2022, 3:43:21 PM  synced recovery
INFO 2/14/2022, 3:43:21 PM  synced recovery
INFO 2/14/2022, 3:43:21 PM  synced recovery
INFO 2/14/2022, 3:43:21 PM  synced recovery
INFO 2/14/2022, 3:43:21 PM  synced recovery
INFO 2/14/2022, 3:43:21 PM  synced recovery
INFO 2/14/2022, 3:43:21 PM  synced recovery
INFO 2/14/2022, 3:43:21 PM  synced recovery
INFO 2/14/2022, 3:43:22 PM  synced recovery
INFO 2/14/2022, 3:43:22 PM  synced recovery
INFO 2/14/2022, 3:43:22 PM  synced recovery
INFO 2/14/2022, 3:43:22 PM  synced recovery
INFO 2/14/2022, 3:43:23 PM  synced recovery
INFO 2/14/2022, 3:43:23 PM  synced recovery
INFO 2/14/2022, 3:43:24 PM  synced recovery
INFO 2/14/2022, 3:43:24 PM  synced recovery
INFO 2/14/2022, 3:43:24 PM  synced recovery
INFO 2/14/2022, 3:43:25 PM  synced recovery
INFO 2/14/2022, 3:43:25 PM  synced recovery
INFO 2/14/2022, 3:43:25 PM  synced recovery
INFO 2/14/2022, 3:43:25 PM  synced recovery
INFO 2/14/2022, 3:43:26 PM  synced recovery
INFO 2/14/2022, 3:43:26 PM  synced recovery
INFO 2/14/2022, 3:43:27 PM  synced recovery
INFO 2/14/2022, 3:43:27 PM  synced recovery
INFO 2/14/2022, 3:43:27 PM  synced recovery
INFO 2/14/2022, 3:43:27 PM  synced recovery
INFO 2/14/2022, 3:43:28 PM  synced recovery
INFO 2/14/2022, 3:43:28 PM  synced recovery
INFO 2/14/2022, 3:43:28 PM  synced recovery
INFO 2/14/2022, 3:43:28 PM  synced recovery
INFO 2/14/2022, 3:43:28 PM  synced recovery
INFO 2/14/2022, 3:43:28 PM  synced recovery
INFO 2/14/2022, 3:43:28 PM  synced recovery
INFO 2/14/2022, 3:43:28 PM  synced recovery
INFO 2/14/2022, 3:43:29 PM  synced recovery
INFO 2/14/2022, 3:43:29 PM  synced recovery
INFO 2/14/2022, 3:43:29 PM  synced recovery
INFO 2/14/2022, 3:43:29 PM  synced recovery
INFO 2/14/2022, 3:43:29 PM  synced recovery
INFO 2/14/2022, 3:43:29 PM  synced recovery
INFO 2/14/2022, 3:43:29 PM  synced recovery
INFO 2/14/2022, 3:43:30 PM  synced recovery
INFO 2/14/2022, 3:43:30 PM  synced recovery
INFO 2/14/2022, 3:43:30 PM  synced recovery
INFO 2/14/2022, 3:43:30 PM  synced recovery
INFO 2/14/2022, 3:43:30 PM  synced recovery
INFO 2/14/2022, 3:43:30 PM  synced recovery
INFO 2/14/2022, 3:43:30 PM  synced recovery
INFO 2/14/2022, 3:43:30 PM  synced recovery
INFO 2/14/2022, 3:43:30 PM  synced recovery
INFO 2/14/2022, 3:43:31 PM  synced recovery
INFO 2/14/2022, 3:43:31 PM  synced recovery
INFO 2/14/2022, 3:43:31 PM  synced recovery
INFO 2/14/2022, 3:43:31 PM  synced recovery
INFO 2/14/2022, 3:43:31 PM  synced recovery
INFO 2/14/2022, 3:43:31 PM  synced recovery
INFO 2/14/2022, 3:43:31 PM  synced recovery
INFO 2/14/2022, 3:43:31 PM  synced recovery
INFO 2/14/2022, 3:43:31 PM  synced recovery
INFO 2/14/2022, 3:43:31 PM  synced recovery
INFO 2/14/2022, 3:43:31 PM  synced recovery
INFO 2/14/2022, 3:43:31 PM  synced recovery
INFO 2/14/2022, 3:43:31 PM  synced recovery
INFO 2/14/2022, 3:43:32 PM  synced recovery
INFO 2/14/2022, 3:43:32 PM  synced recovery
INFO 2/14/2022, 3:43:32 PM  synced recovery
INFO 2/14/2022, 3:43:32 PM  synced recovery
INFO 2/14/2022, 3:43:36 PM  [blur] 1
INFO 2/14/2022, 3:43:36 PM  [win] blur
INFO 2/14/2022, 3:43:37 PM  [focus] 1
INFO 2/14/2022, 3:43:42 PM  [blur] 1
INFO 2/14/2022, 3:43:42 PM  [win] blur
INFO 2/14/2022, 3:44:11 PM  [focus] 1
INFO 2/14/2022, 3:44:11 PM  addRecentDocument
INFO 2/14/2022, 3:44:11 PM  synced recovery
INFO 2/14/2022, 3:44:24 PM  synced recovery
INFO 2/14/2022, 3:44:24 PM  synced recovery
INFO 2/14/2022, 3:44:24 PM  synced recovery
INFO 2/14/2022, 3:44:25 PM  synced recovery
INFO 2/14/2022, 3:44:25 PM  synced recovery
INFO 2/14/2022, 3:44:25 PM  synced recovery
INFO 2/14/2022, 3:44:26 PM  synced recovery
INFO 2/14/2022, 3:44:26 PM  synced recovery
INFO 2/14/2022, 3:44:26 PM  synced recovery
INFO 2/14/2022, 3:44:26 PM  synced recovery
INFO 2/14/2022, 3:44:26 PM  synced recovery
INFO 2/14/2022, 3:44:27 PM  synced recovery
INFO 2/14/2022, 3:44:27 PM  synced recovery
INFO 2/14/2022, 3:44:27 PM  synced recovery
INFO 2/14/2022, 3:44:27 PM  synced recovery
INFO 2/14/2022, 3:44:27 PM  synced recovery
INFO 2/14/2022, 3:44:27 PM  synced recovery
INFO 2/14/2022, 3:44:27 PM  synced recovery
INFO 2/14/2022, 3:44:28 PM  synced recovery
INFO 2/14/2022, 3:44:28 PM  synced recovery
INFO 2/14/2022, 3:44:28 PM  synced recovery
INFO 2/14/2022, 3:44:28 PM  synced recovery
INFO 2/14/2022, 3:44:28 PM  synced recovery
INFO 2/14/2022, 3:44:28 PM  synced recovery
INFO 2/14/2022, 3:44:28 PM  synced recovery
INFO 2/14/2022, 3:44:28 PM  synced recovery
INFO 2/14/2022, 3:44:28 PM  synced recovery
INFO 2/14/2022, 3:44:28 PM  synced recovery
INFO 2/14/2022, 3:44:28 PM  synced recovery
INFO 2/14/2022, 3:44:28 PM  synced recovery
INFO 2/14/2022, 3:44:29 PM  synced recovery
INFO 2/14/2022, 3:44:29 PM  synced recovery
INFO 2/14/2022, 3:44:29 PM  synced recovery
INFO 2/14/2022, 3:44:29 PM  synced recovery
INFO 2/14/2022, 3:44:29 PM  synced recovery
INFO 2/14/2022, 3:44:29 PM  synced recovery
INFO 2/14/2022, 3:44:29 PM  synced recovery
INFO 2/14/2022, 3:44:29 PM  synced recovery
INFO 2/14/2022, 3:44:30 PM  synced recovery
INFO 2/14/2022, 3:44:30 PM  synced recovery
INFO 2/14/2022, 3:44:31 PM  synced recovery
INFO 2/14/2022, 3:44:31 PM  synced recovery
INFO 2/14/2022, 3:44:31 PM  synced recovery
INFO 2/14/2022, 3:44:55 PM  synced recovery
INFO 2/14/2022, 3:44:55 PM  synced recovery
INFO 2/14/2022, 3:44:55 PM  synced recovery
INFO 2/14/2022, 3:44:55 PM  synced recovery
INFO 2/14/2022, 3:44:55 PM  synced recovery
INFO 2/14/2022, 3:44:56 PM  synced recovery
INFO 2/14/2022, 3:44:57 PM  synced recovery
INFO 2/14/2022, 3:44:57 PM  synced recovery
INFO 2/14/2022, 3:44:57 PM  synced recovery
INFO 2/14/2022, 3:44:57 PM  synced recovery
INFO 2/14/2022, 3:45:06 PM  [blur] 1
INFO 2/14/2022, 3:45:06 PM  [win] blur
INFO 2/14/2022, 3:46:39 PM  [focus] 1
INFO 2/14/2022, 3:46:40 PM  synced recovery
INFO 2/14/2022, 3:46:49 PM  synced recovery
INFO 2/14/2022, 3:46:49 PM  synced recovery
INFO 2/14/2022, 3:46:57 PM  synced recovery
INFO 2/14/2022, 3:46:58 PM  synced recovery
INFO 2/14/2022, 3:46:58 PM  synced recovery
INFO 2/14/2022, 3:46:58 PM  synced recovery
INFO 2/14/2022, 3:46:58 PM  synced recovery
INFO 2/14/2022, 3:46:58 PM  synced recovery
INFO 2/14/2022, 3:46:59 PM  synced recovery
INFO 2/14/2022, 3:46:59 PM  synced recovery
INFO 2/14/2022, 3:46:59 PM  synced recovery
INFO 2/14/2022, 3:46:59 PM  synced recovery
INFO 2/14/2022, 3:47:01 PM  synced recovery
INFO 2/14/2022, 3:47:01 PM  synced recovery
INFO 2/14/2022, 3:47:01 PM  synced recovery
INFO 2/14/2022, 3:47:01 PM  synced recovery
INFO 2/14/2022, 3:47:01 PM  synced recovery
INFO 2/14/2022, 3:47:01 PM  synced recovery
INFO 2/14/2022, 3:47:02 PM  synced recovery
INFO 2/14/2022, 3:47:02 PM  synced recovery
INFO 2/14/2022, 3:47:03 PM  synced recovery
INFO 2/14/2022, 3:47:04 PM  synced recovery
INFO 2/14/2022, 3:47:04 PM  synced recovery
INFO 2/14/2022, 3:47:04 PM  synced recovery
INFO 2/14/2022, 3:47:04 PM  synced recovery
INFO 2/14/2022, 3:47:05 PM  synced recovery
INFO 2/14/2022, 3:47:05 PM  synced recovery
INFO 2/14/2022, 3:47:07 PM  [RenderProcess 1][Log] File.reloadContent, {"delayRefresh":true,"skipChangeCount":true,"skipStore":true}
INFO 2/14/2022, 3:47:07 PM  [RenderProcess 1][Log] reset NodeMap
INFO 2/14/2022, 3:47:08 PM  synced recovery
INFO 2/14/2022, 3:47:09 PM  synced recovery
INFO 2/14/2022, 3:47:09 PM  synced recovery
INFO 2/14/2022, 3:47:10 PM  synced recovery
INFO 2/14/2022, 3:47:10 PM  synced recovery
INFO 2/14/2022, 3:47:10 PM  synced recovery
INFO 2/14/2022, 3:47:11 PM  synced recovery
INFO 2/14/2022, 3:47:11 PM  synced recovery
INFO 2/14/2022, 3:47:11 PM  synced recovery
INFO 2/14/2022, 3:47:12 PM  synced recovery
INFO 2/14/2022, 3:47:12 PM  synced recovery
INFO 2/14/2022, 3:47:13 PM  synced recovery
INFO 2/14/2022, 3:47:13 PM  synced recovery
INFO 2/14/2022, 3:47:13 PM  synced recovery
INFO 2/14/2022, 3:47:13 PM  synced recovery
INFO 2/14/2022, 3:47:13 PM  synced recovery
INFO 2/14/2022, 3:47:13 PM  synced recovery
INFO 2/14/2022, 3:47:13 PM  synced recovery
INFO 2/14/2022, 3:47:14 PM  synced recovery
INFO 2/14/2022, 3:47:14 PM  synced recovery
INFO 2/14/2022, 3:47:14 PM  synced recovery
INFO 2/14/2022, 3:47:14 PM  synced recovery
INFO 2/14/2022, 3:47:22 PM  [blur] 1
INFO 2/14/2022, 3:47:22 PM  [win] blur
INFO 2/14/2022, 3:47:24 PM  [focus] 1
INFO 2/14/2022, 3:47:30 PM  synced recovery
INFO 2/14/2022, 3:47:31 PM  [blur] 1
INFO 2/14/2022, 3:47:31 PM  [win] blur
INFO 2/14/2022, 3:47:34 PM  [focus] 1
INFO 2/14/2022, 3:47:35 PM  synced recovery
INFO 2/14/2022, 3:47:37 PM  synced recovery
INFO 2/14/2022, 3:47:39 PM  synced recovery
INFO 2/14/2022, 3:47:41 PM  [RenderProcess 1][Log] File.reloadContent, {"delayRefresh":true,"skipChangeCount":true,"skipStore":true}
INFO 2/14/2022, 3:47:41 PM  [RenderProcess 1][Log] reset NodeMap
INFO 2/14/2022, 3:47:43 PM  synced recovery
INFO 2/14/2022, 3:48:01 PM  [blur] 1
INFO 2/14/2022, 3:48:01 PM  [win] blur
INFO 2/14/2022, 3:48:20 PM  [focus] 1
INFO 2/14/2022, 3:49:23 PM  File.option.expandSimpleBlock = true;
INFO 2/14/2022, 3:49:28 PM  synced recovery
INFO 2/14/2022, 3:49:30 PM  synced recovery
INFO 2/14/2022, 3:49:30 PM  synced recovery
INFO 2/14/2022, 3:49:30 PM  synced recovery
INFO 2/14/2022, 3:49:30 PM  synced recovery
INFO 2/14/2022, 3:49:33 PM  synced recovery
INFO 2/14/2022, 3:49:33 PM  synced recovery
INFO 2/14/2022, 3:49:36 PM  synced recovery
INFO 2/14/2022, 3:49:36 PM  synced recovery
INFO 2/14/2022, 3:49:36 PM  synced recovery
INFO 2/14/2022, 3:49:37 PM  [blur] 1
INFO 2/14/2022, 3:49:37 PM  [win] blur
INFO 2/14/2022, 3:49:40 PM  [focus] 1
INFO 2/14/2022, 3:49:40 PM  synced recovery
INFO 2/14/2022, 3:49:40 PM  synced recovery
INFO 2/14/2022, 3:49:43 PM  synced recovery
INFO 2/14/2022, 3:49:45 PM  synced recovery
INFO 2/14/2022, 3:49:47 PM  synced recovery
INFO 2/14/2022, 3:49:47 PM  synced recovery
INFO 2/14/2022, 3:49:53 PM  synced recovery
INFO 2/14/2022, 3:49:53 PM  synced recovery
INFO 2/14/2022, 3:49:54 PM  synced recovery
INFO 2/14/2022, 3:50:15 PM  File.option.expandSimpleBlock = false;
INFO 2/14/2022, 3:51:09 PM  synced recovery
INFO 2/14/2022, 3:51:09 PM  synced recovery
INFO 2/14/2022, 3:51:13 PM  synced recovery
INFO 2/14/2022, 3:51:13 PM  synced recovery
INFO 2/14/2022, 3:51:17 PM  synced recovery
INFO 2/14/2022, 3:51:17 PM  synced recovery
INFO 2/14/2022, 3:51:24 PM  synced recovery
INFO 2/14/2022, 3:51:24 PM  synced recovery
INFO 2/14/2022, 3:51:25 PM  synced recovery
INFO 2/14/2022, 3:51:28 PM  synced recovery
INFO 2/14/2022, 3:51:28 PM  synced recovery
INFO 2/14/2022, 3:51:29 PM  synced recovery
INFO 2/14/2022, 3:51:29 PM  synced recovery
INFO 2/14/2022, 3:51:29 PM  synced recovery
INFO 2/14/2022, 3:51:29 PM  synced recovery
INFO 2/14/2022, 3:51:29 PM  synced recovery
INFO 2/14/2022, 3:51:30 PM  synced recovery
INFO 2/14/2022, 3:51:30 PM  synced recovery
INFO 2/14/2022, 3:51:33 PM  synced recovery
INFO 2/14/2022, 3:51:33 PM  synced recovery
INFO 2/14/2022, 3:51:33 PM  synced recovery
INFO 2/14/2022, 3:51:33 PM  synced recovery
INFO 2/14/2022, 3:51:33 PM  synced recovery
INFO 2/14/2022, 3:51:33 PM  synced recovery
INFO 2/14/2022, 3:51:34 PM  synced recovery
INFO 2/14/2022, 3:51:34 PM  synced recovery
INFO 2/14/2022, 3:51:34 PM  synced recovery
INFO 2/14/2022, 3:51:34 PM  synced recovery
INFO 2/14/2022, 3:51:34 PM  synced recovery
INFO 2/14/2022, 3:51:34 PM  synced recovery
INFO 2/14/2022, 3:51:35 PM  synced recovery
INFO 2/14/2022, 3:51:35 PM  synced recovery
INFO 2/14/2022, 3:51:35 PM  synced recovery
INFO 2/14/2022, 3:51:35 PM  synced recovery
INFO 2/14/2022, 3:51:36 PM  synced recovery
INFO 2/14/2022, 3:51:36 PM  synced recovery
INFO 2/14/2022, 3:51:36 PM  synced recovery
INFO 2/14/2022, 3:51:36 PM  synced recovery
INFO 2/14/2022, 3:51:36 PM  synced recovery
INFO 2/14/2022, 3:51:36 PM  synced recovery
INFO 2/14/2022, 3:51:51 PM  synced recovery
INFO 2/14/2022, 3:51:51 PM  synced recovery
INFO 2/14/2022, 3:51:55 PM  synced recovery
INFO 2/14/2022, 3:51:56 PM  synced recovery
INFO 2/14/2022, 3:51:56 PM  synced recovery
INFO 2/14/2022, 3:52:06 PM  [blur] 1
INFO 2/14/2022, 3:52:06 PM  [win] blur
INFO 2/14/2022, 3:53:36 PM  [focus] 1
INFO 2/14/2022, 3:53:38 PM  synced recovery
INFO 2/14/2022, 3:53:38 PM  synced recovery
INFO 2/14/2022, 3:53:41 PM  synced recovery
INFO 2/14/2022, 3:53:41 PM  synced recovery
INFO 2/14/2022, 3:53:44 PM  synced recovery
INFO 2/14/2022, 3:53:44 PM  synced recovery
INFO 2/14/2022, 3:53:44 PM  synced recovery
INFO 2/14/2022, 3:53:44 PM  synced recovery
INFO 2/14/2022, 3:53:44 PM  synced recovery
INFO 2/14/2022, 3:53:44 PM  synced recovery
INFO 2/14/2022, 3:53:44 PM  synced recovery
INFO 2/14/2022, 3:53:44 PM  synced recovery
INFO 2/14/2022, 3:53:44 PM  synced recovery
INFO 2/14/2022, 3:53:44 PM  synced recovery
INFO 2/14/2022, 3:53:45 PM  synced recovery
INFO 2/14/2022, 3:53:45 PM  synced recovery
INFO 2/14/2022, 3:53:45 PM  synced recovery
INFO 2/14/2022, 3:53:45 PM  synced recovery
INFO 2/14/2022, 3:53:45 PM  synced recovery
INFO 2/14/2022, 3:53:45 PM  synced recovery
INFO 2/14/2022, 3:53:45 PM  synced recovery
INFO 2/14/2022, 3:53:45 PM  synced recovery
INFO 2/14/2022, 3:53:45 PM  synced recovery
INFO 2/14/2022, 3:53:48 PM  synced recovery
INFO 2/14/2022, 3:53:49 PM  synced recovery
INFO 2/14/2022, 3:53:49 PM  synced recovery
INFO 2/14/2022, 3:53:50 PM  synced recovery
INFO 2/14/2022, 3:53:50 PM  synced recovery
INFO 2/14/2022, 3:53:50 PM  synced recovery
INFO 2/14/2022, 3:53:50 PM  synced recovery
INFO 2/14/2022, 3:53:50 PM  synced recovery
INFO 2/14/2022, 3:53:50 PM  synced recovery
INFO 2/14/2022, 3:53:50 PM  synced recovery
INFO 2/14/2022, 3:53:50 PM  synced recovery
INFO 2/14/2022, 3:53:50 PM  synced recovery
INFO 2/14/2022, 3:53:51 PM  synced recovery
INFO 2/14/2022, 3:53:51 PM  synced recovery
INFO 2/14/2022, 3:53:51 PM  synced recovery
INFO 2/14/2022, 3:53:51 PM  synced recovery
INFO 2/14/2022, 3:53:51 PM  synced recovery
INFO 2/14/2022, 3:53:51 PM  synced recovery
INFO 2/14/2022, 3:53:51 PM  synced recovery
INFO 2/14/2022, 3:53:51 PM  synced recovery
INFO 2/14/2022, 3:53:51 PM  synced recovery
INFO 2/14/2022, 3:53:51 PM  synced recovery
INFO 2/14/2022, 3:53:51 PM  synced recovery
INFO 2/14/2022, 3:53:52 PM  synced recovery
INFO 2/14/2022, 3:53:52 PM  synced recovery
INFO 2/14/2022, 3:53:52 PM  synced recovery
INFO 2/14/2022, 3:53:52 PM  synced recovery
INFO 2/14/2022, 3:53:52 PM  synced recovery
INFO 2/14/2022, 3:53:52 PM  synced recovery
INFO 2/14/2022, 3:53:53 PM  synced recovery
INFO 2/14/2022, 3:53:53 PM  synced recovery
INFO 2/14/2022, 3:53:53 PM  synced recovery
INFO 2/14/2022, 3:53:53 PM  synced recovery
INFO 2/14/2022, 3:53:54 PM  synced recovery
INFO 2/14/2022, 3:53:54 PM  synced recovery
INFO 2/14/2022, 3:53:57 PM  [blur] 1
INFO 2/14/2022, 3:53:58 PM  [win] blur
INFO 2/14/2022, 3:54:21 PM  [focus] 1
INFO 2/14/2022, 3:54:22 PM  synced recovery
INFO 2/14/2022, 3:54:29 PM  synced recovery
INFO 2/14/2022, 3:54:29 PM  synced recovery
INFO 2/14/2022, 3:54:29 PM  synced recovery
INFO 2/14/2022, 3:54:29 PM  synced recovery
INFO 2/14/2022, 3:54:30 PM  synced recovery
INFO 2/14/2022, 3:54:30 PM  synced recovery
INFO 2/14/2022, 3:54:30 PM  synced recovery
INFO 2/14/2022, 3:54:35 PM  synced recovery
INFO 2/14/2022, 3:54:35 PM  synced recovery
INFO 2/14/2022, 3:54:36 PM  synced recovery
INFO 2/14/2022, 3:54:36 PM  synced recovery
INFO 2/14/2022, 3:54:38 PM  synced recovery
INFO 2/14/2022, 3:54:39 PM  synced recovery
INFO 2/14/2022, 3:54:39 PM  synced recovery
INFO 2/14/2022, 3:54:39 PM  synced recovery
INFO 2/14/2022, 3:54:39 PM  synced recovery
INFO 2/14/2022, 3:54:39 PM  synced recovery
INFO 2/14/2022, 3:54:39 PM  synced recovery
INFO 2/14/2022, 3:54:39 PM  synced recovery
INFO 2/14/2022, 3:54:39 PM  synced recovery
INFO 2/14/2022, 3:54:39 PM  synced recovery
INFO 2/14/2022, 3:54:39 PM  synced recovery
INFO 2/14/2022, 3:54:39 PM  synced recovery
INFO 2/14/2022, 3:54:44 PM  synced recovery
INFO 2/14/2022, 3:54:44 PM  synced recovery
INFO 2/14/2022, 3:54:45 PM  synced recovery
INFO 2/14/2022, 3:54:45 PM  synced recovery
INFO 2/14/2022, 3:54:46 PM  synced recovery
INFO 2/14/2022, 3:54:46 PM  synced recovery
INFO 2/14/2022, 3:54:47 PM  synced recovery
INFO 2/14/2022, 3:54:47 PM  synced recovery
INFO 2/14/2022, 3:54:49 PM  synced recovery
INFO 2/14/2022, 3:54:49 PM  synced recovery
INFO 2/14/2022, 3:54:49 PM  synced recovery
INFO 2/14/2022, 3:54:49 PM  synced recovery
INFO 2/14/2022, 3:54:51 PM  synced recovery
INFO 2/14/2022, 3:54:51 PM  synced recovery
INFO 2/14/2022, 3:54:51 PM  synced recovery
INFO 2/14/2022, 3:54:51 PM  synced recovery
INFO 2/14/2022, 3:54:52 PM  synced recovery
INFO 2/14/2022, 3:54:52 PM  synced recovery
INFO 2/14/2022, 3:54:53 PM  synced recovery
INFO 2/14/2022, 3:54:54 PM  synced recovery
INFO 2/14/2022, 3:54:54 PM  synced recovery
INFO 2/14/2022, 3:54:54 PM  synced recovery
INFO 2/14/2022, 3:54:55 PM  synced recovery
INFO 2/14/2022, 3:54:55 PM  synced recovery
INFO 2/14/2022, 3:54:57 PM  synced recovery
INFO 2/14/2022, 3:54:57 PM  synced recovery
INFO 2/14/2022, 3:54:57 PM  synced recovery
INFO 2/14/2022, 3:54:57 PM  synced recovery
INFO 2/14/2022, 3:54:59 PM  [blur] 1
INFO 2/14/2022, 3:54:59 PM  [win] blur
INFO 2/14/2022, 3:55:50 PM  [focus] 1
INFO 2/14/2022, 3:55:52 PM  synced recovery
INFO 2/14/2022, 3:56:07 PM  synced recovery
INFO 2/14/2022, 3:56:07 PM  synced recovery
INFO 2/14/2022, 3:56:07 PM  synced recovery
INFO 2/14/2022, 3:56:08 PM  synced recovery
INFO 2/14/2022, 3:56:08 PM  synced recovery
INFO 2/14/2022, 3:56:08 PM  synced recovery
INFO 2/14/2022, 3:56:08 PM  synced recovery
INFO 2/14/2022, 3:56:08 PM  synced recovery
INFO 2/14/2022, 3:56:08 PM  synced recovery
INFO 2/14/2022, 3:56:08 PM  synced recovery
INFO 2/14/2022, 3:56:08 PM  synced recovery
INFO 2/14/2022, 3:56:08 PM  synced recovery
INFO 2/14/2022, 3:56:08 PM  synced recovery
INFO 2/14/2022, 3:56:08 PM  synced recovery
INFO 2/14/2022, 3:56:09 PM  synced recovery
INFO 2/14/2022, 3:56:09 PM  synced recovery
INFO 2/14/2022, 3:56:09 PM  synced recovery
INFO 2/14/2022, 3:56:09 PM  synced recovery
INFO 2/14/2022, 3:56:09 PM  synced recovery
INFO 2/14/2022, 3:56:09 PM  synced recovery
INFO 2/14/2022, 3:56:09 PM  synced recovery
INFO 2/14/2022, 3:56:09 PM  synced recovery
INFO 2/14/2022, 3:56:09 PM  synced recovery
INFO 2/14/2022, 3:56:09 PM  synced recovery
INFO 2/14/2022, 3:56:11 PM  synced recovery
INFO 2/14/2022, 3:56:11 PM  synced recovery
INFO 2/14/2022, 3:56:11 PM  synced recovery
INFO 2/14/2022, 3:56:11 PM  synced recovery
INFO 2/14/2022, 3:56:11 PM  synced recovery
INFO 2/14/2022, 3:56:11 PM  synced recovery
INFO 2/14/2022, 3:56:11 PM  synced recovery
INFO 2/14/2022, 3:56:11 PM  synced recovery
INFO 2/14/2022, 3:56:11 PM  synced recovery
INFO 2/14/2022, 3:56:11 PM  synced recovery
INFO 2/14/2022, 3:56:11 PM  synced recovery
INFO 2/14/2022, 3:56:11 PM  synced recovery
INFO 2/14/2022, 3:56:11 PM  synced recovery
INFO 2/14/2022, 3:56:11 PM  synced recovery
INFO 2/14/2022, 3:56:11 PM  synced recovery
INFO 2/14/2022, 3:56:11 PM  synced recovery
INFO 2/14/2022, 3:56:11 PM  synced recovery
INFO 2/14/2022, 3:56:11 PM  synced recovery
INFO 2/14/2022, 3:56:11 PM  synced recovery
INFO 2/14/2022, 3:56:11 PM  synced recovery
INFO 2/14/2022, 3:56:11 PM  synced recovery
INFO 2/14/2022, 3:56:11 PM  synced recovery
INFO 2/14/2022, 3:56:11 PM  synced recovery
INFO 2/14/2022, 3:56:11 PM  synced recovery
INFO 2/14/2022, 3:56:11 PM  synced recovery
INFO 2/14/2022, 3:56:11 PM  synced recovery
INFO 2/14/2022, 3:56:11 PM  synced recovery
INFO 2/14/2022, 3:56:12 PM  synced recovery
INFO 2/14/2022, 3:56:12 PM  synced recovery
INFO 2/14/2022, 3:56:12 PM  synced recovery
INFO 2/14/2022, 3:56:12 PM  synced recovery
INFO 2/14/2022, 3:56:12 PM  synced recovery
INFO 2/14/2022, 3:56:12 PM  synced recovery
INFO 2/14/2022, 3:56:12 PM  synced recovery
INFO 2/14/2022, 3:56:12 PM  synced recovery
INFO 2/14/2022, 3:56:12 PM  synced recovery
INFO 2/14/2022, 3:56:12 PM  synced recovery
INFO 2/14/2022, 3:56:12 PM  synced recovery
INFO 2/14/2022, 3:56:12 PM  synced recovery
INFO 2/14/2022, 3:56:12 PM  synced recovery
INFO 2/14/2022, 3:56:12 PM  synced recovery
INFO 2/14/2022, 3:56:12 PM  synced recovery
INFO 2/14/2022, 3:56:12 PM  synced recovery
INFO 2/14/2022, 3:56:13 PM  synced recovery
INFO 2/14/2022, 3:56:13 PM  synced recovery
INFO 2/14/2022, 3:56:13 PM  synced recovery
INFO 2/14/2022, 3:56:13 PM  synced recovery
INFO 2/14/2022, 3:56:13 PM  synced recovery
INFO 2/14/2022, 3:56:13 PM  synced recovery
INFO 2/14/2022, 3:56:13 PM  synced recovery
INFO 2/14/2022, 3:56:14 PM  synced recovery
INFO 2/14/2022, 3:56:14 PM  synced recovery
INFO 2/14/2022, 3:56:14 PM  synced recovery
INFO 2/14/2022, 3:56:14 PM  synced recovery
INFO 2/14/2022, 3:56:15 PM  synced recovery
INFO 2/14/2022, 3:56:15 PM  synced recovery
INFO 2/14/2022, 3:56:15 PM  synced recovery
INFO 2/14/2022, 3:56:15 PM  synced recovery
INFO 2/14/2022, 3:56:15 PM  synced recovery
INFO 2/14/2022, 3:56:15 PM  synced recovery
INFO 2/14/2022, 3:56:15 PM  synced recovery
INFO 2/14/2022, 3:56:15 PM  synced recovery
INFO 2/14/2022, 3:56:15 PM  synced recovery
INFO 2/14/2022, 3:56:15 PM  synced recovery
INFO 2/14/2022, 3:56:15 PM  synced recovery
INFO 2/14/2022, 3:56:15 PM  synced recovery
INFO 2/14/2022, 3:56:15 PM  synced recovery
INFO 2/14/2022, 3:56:15 PM  synced recovery
INFO 2/14/2022, 3:56:17 PM  [blur] 1
INFO 2/14/2022, 3:56:17 PM  [win] blur
INFO 2/14/2022, 3:56:21 PM  [focus] 1
INFO 2/14/2022, 3:56:22 PM  synced recovery
INFO 2/14/2022, 3:56:22 PM  synced recovery
INFO 2/14/2022, 3:56:23 PM  synced recovery
INFO 2/14/2022, 3:56:23 PM  synced recovery
INFO 2/14/2022, 3:56:24 PM  synced recovery
INFO 2/14/2022, 3:56:24 PM  synced recovery
INFO 2/14/2022, 3:56:24 PM  synced recovery
INFO 2/14/2022, 3:56:24 PM  synced recovery
INFO 2/14/2022, 3:56:24 PM  synced recovery
INFO 2/14/2022, 3:56:24 PM  synced recovery
INFO 2/14/2022, 3:56:24 PM  synced recovery
INFO 2/14/2022, 3:56:25 PM  synced recovery
INFO 2/14/2022, 3:56:25 PM  synced recovery
INFO 2/14/2022, 3:56:25 PM  synced recovery
INFO 2/14/2022, 3:56:25 PM  synced recovery
INFO 2/14/2022, 3:56:25 PM  synced recovery
INFO 2/14/2022, 3:56:25 PM  synced recovery
INFO 2/14/2022, 3:56:25 PM  synced recovery
INFO 2/14/2022, 3:56:25 PM  synced recovery
INFO 2/14/2022, 3:56:25 PM  synced recovery
INFO 2/14/2022, 3:56:25 PM  synced recovery
INFO 2/14/2022, 3:56:25 PM  synced recovery
INFO 2/14/2022, 3:56:26 PM  synced recovery
INFO 2/14/2022, 3:56:26 PM  synced recovery
INFO 2/14/2022, 3:56:26 PM  synced recovery
INFO 2/14/2022, 3:56:26 PM  synced recovery
INFO 2/14/2022, 3:56:26 PM  synced recovery
INFO 2/14/2022, 3:56:26 PM  synced recovery
INFO 2/14/2022, 3:56:26 PM  synced recovery
INFO 2/14/2022, 3:56:26 PM  synced recovery
INFO 2/14/2022, 3:56:27 PM  synced recovery
INFO 2/14/2022, 3:56:27 PM  synced recovery
INFO 2/14/2022, 3:56:27 PM  synced recovery
INFO 2/14/2022, 3:56:27 PM  synced recovery
INFO 2/14/2022, 3:56:27 PM  synced recovery
INFO 2/14/2022, 3:56:27 PM  synced recovery
INFO 2/14/2022, 3:56:27 PM  synced recovery
INFO 2/14/2022, 3:56:27 PM  synced recovery
INFO 2/14/2022, 3:56:27 PM  synced recovery
INFO 2/14/2022, 3:56:27 PM  synced recovery
INFO 2/14/2022, 3:56:27 PM  synced recovery
INFO 2/14/2022, 3:56:27 PM  synced recovery
INFO 2/14/2022, 3:56:28 PM  synced recovery
INFO 2/14/2022, 3:56:28 PM  synced recovery
INFO 2/14/2022, 3:56:28 PM  synced recovery
INFO 2/14/2022, 3:56:28 PM  synced recovery
INFO 2/14/2022, 3:56:28 PM  synced recovery
INFO 2/14/2022, 3:56:28 PM  synced recovery
INFO 2/14/2022, 3:56:28 PM  synced recovery
INFO 2/14/2022, 3:56:28 PM  synced recovery
INFO 2/14/2022, 3:56:31 PM  [blur] 1
INFO 2/14/2022, 3:56:31 PM  [win] blur
INFO 2/14/2022, 3:56:32 PM  [focus] 1
INFO 2/14/2022, 3:56:34 PM  synced recovery
INFO 2/14/2022, 3:56:35 PM  synced recovery
INFO 2/14/2022, 3:57:07 PM  launch with argv [/usr/share/typora/Typora, /home/pviscone/Desktop/HEP-Detectors/README.md]
INFO 2/14/2022, 3:57:07 PM  start LM in devVersion=false
INFO 2/14/2022, 3:57:07 PM  [Raven] instanceKey = 0a47a105-364b-487a-83f9-fe3e16fdbdc1
INFO 2/14/2022, 3:57:07 PM  [watchLicense]
INFO 2/14/2022, 3:57:07 PM  [License] firstValidateLicense
INFO 2/14/2022, 3:57:07 PM  ls put SLicense
INFO 2/14/2022, 3:57:07 PM  [validateTrail] installDate is 11/19/2021, trail remains: 0 days
INFO 2/14/2022, 3:57:07 PM  [watchLicense] hasLicense: false
INFO 2/14/2022, 3:57:07 PM  ------------------start------------------
INFO 2/14/2022, 3:57:07 PM  typora version: 1.0.4
INFO 2/14/2022, 3:57:07 PM  addRecentDocument
INFO 2/14/2022, 3:57:07 PM  [Raven] userId = 18edb11d-8641-4d41-8b64-05e7b243dacf
INFO 2/14/2022, 3:57:07 PM  synced recovery
INFO 2/14/2022, 3:57:07 PM  [focus] 1
INFO 2/14/2022, 3:57:08 PM  handle document.loadInitData
INFO 2/14/2022, 3:57:08 PM  [RenderProcess 1][Log] getContent
INFO 2/14/2022, 3:57:08 PM  synced recovery
INFO 2/14/2022, 3:57:08 PM  [RenderProcess 1][Log] onBecomeActive
INFO 2/14/2022, 3:57:08 PM  [RenderProcess 1][Log] File.activeWindow = true
INFO 2/14/2022, 3:57:10 PM  synced recovery
INFO 2/14/2022, 3:57:10 PM  synced recovery
INFO 2/14/2022, 3:57:11 PM  synced recovery
INFO 2/14/2022, 3:57:11 PM  ----------------before-quit-----------------
INFO 2/14/2022, 3:57:11 PM  ------------------will-quit------------------
INFO 2/14/2022, 3:57:11 PM  -----------------quit------------------
INFO 2/14/2022, 3:57:11 PM  closeLogging
